<?xml version="1.0" encoding="UTF-8"?>
<testng-results ignored="0" total="1" passed="1" failed="0" skipped="0">
  <reporter-output>
  </reporter-output>
  <suite started-at="2024-04-05T16:01:23 SGT" name="Surefire suite" finished-at="2024-04-05T16:01:23 SGT" duration-ms="30">
    <groups>
    </groups>
    <test started-at="2024-04-05T16:01:23 SGT" name="Surefire test" finished-at="2024-04-05T16:01:23 SGT" duration-ms="30">
      <class name="maventestproject1.testapp1.AppTest">
        <test-method signature="testApp()[pri:0, instance:testApp(maventestproject1.testapp1.AppTest)]" started-at="2024-04-05T16:01:23 SGT" name="testApp" finished-at="2024-04-05T16:01:23 SGT" duration-ms="5" status="PASS">
          <reporter-output>
          </reporter-output>
        </test-method> <!-- testApp -->
      </class> <!-- maventestproject1.testapp1.AppTest -->
    </test> <!-- Surefire test -->
  </suite> <!-- Surefire suite -->
</testng-results>
